0 info it worked if it ends with ok
1 verbose cli [ '/usr/bin/nodejs', '/usr/bin/npm', 'install' ]
2 info using npm@1.3.10
3 info using node@v0.10.25
4 warn package.json code-printer@1.0.0 scripts['server'] should probably be scripts['start'].
5 verbose readDependencies using package.json deps
6 verbose install where, deps [ '/zhl/github/code-printer',
6 verbose install   [ 'webpack', 'webpack-dev-server' ] ]
7 info preinstall code-printer@1.0.0
8 verbose readDependencies using package.json deps
9 verbose cache add [ 'webpack@^3.10.0', null ]
10 verbose cache add name=undefined spec="webpack@^3.10.0" args=["webpack@^3.10.0",null]
11 verbose parsed url { protocol: null,
11 verbose parsed url   slashes: null,
11 verbose parsed url   auth: null,
11 verbose parsed url   host: null,
11 verbose parsed url   port: null,
11 verbose parsed url   hostname: null,
11 verbose parsed url   hash: null,
11 verbose parsed url   search: null,
11 verbose parsed url   query: null,
11 verbose parsed url   pathname: 'webpack@^3.10.0',
11 verbose parsed url   path: 'webpack@^3.10.0',
11 verbose parsed url   href: 'webpack@^3.10.0' }
12 verbose cache add name="webpack" spec="^3.10.0" args=["webpack","^3.10.0"]
13 verbose parsed url { protocol: null,
13 verbose parsed url   slashes: null,
13 verbose parsed url   auth: null,
13 verbose parsed url   host: null,
13 verbose parsed url   port: null,
13 verbose parsed url   hostname: null,
13 verbose parsed url   hash: null,
13 verbose parsed url   search: null,
13 verbose parsed url   query: null,
13 verbose parsed url   pathname: '^3.10.0',
13 verbose parsed url   path: '^3.10.0',
13 verbose parsed url   href: '^3.10.0' }
14 verbose addNamed [ 'webpack', '^3.10.0' ]
15 verbose addNamed [ null, '>=3.10.0-0 <4.0.0-0' ]
16 verbose cache add [ 'webpack-dev-server@^2.11.0', null ]
17 verbose cache add name=undefined spec="webpack-dev-server@^2.11.0" args=["webpack-dev-server@^2.11.0",null]
18 verbose parsed url { protocol: null,
18 verbose parsed url   slashes: null,
18 verbose parsed url   auth: null,
18 verbose parsed url   host: null,
18 verbose parsed url   port: null,
18 verbose parsed url   hostname: null,
18 verbose parsed url   hash: null,
18 verbose parsed url   search: null,
18 verbose parsed url   query: null,
18 verbose parsed url   pathname: 'webpack-dev-server@^2.11.0',
18 verbose parsed url   path: 'webpack-dev-server@^2.11.0',
18 verbose parsed url   href: 'webpack-dev-server@^2.11.0' }
19 verbose cache add name="webpack-dev-server" spec="^2.11.0" args=["webpack-dev-server","^2.11.0"]
20 verbose parsed url { protocol: null,
20 verbose parsed url   slashes: null,
20 verbose parsed url   auth: null,
20 verbose parsed url   host: null,
20 verbose parsed url   port: null,
20 verbose parsed url   hostname: null,
20 verbose parsed url   hash: null,
20 verbose parsed url   search: null,
20 verbose parsed url   query: null,
20 verbose parsed url   pathname: '^2.11.0',
20 verbose parsed url   path: '^2.11.0',
20 verbose parsed url   href: '^2.11.0' }
21 verbose addNamed [ 'webpack-dev-server', '^2.11.0' ]
22 verbose addNamed [ null, '>=2.11.0-0 <3.0.0-0' ]
23 silly lockFile 4bddd681-webpack-3-10-0 webpack@^3.10.0
24 verbose lock webpack@^3.10.0 /home/ubuntu/.npm/4bddd681-webpack-3-10-0.lock
25 silly lockFile 65c27529-webpack-dev-server-2-11-0 webpack-dev-server@^2.11.0
26 verbose lock webpack-dev-server@^2.11.0 /home/ubuntu/.npm/65c27529-webpack-dev-server-2-11-0.lock
27 silly addNameRange { name: 'webpack', range: '>=3.10.0-0 <4.0.0-0', hasData: false }
28 silly addNameRange { name: 'webpack-dev-server',
28 silly addNameRange   range: '>=2.11.0-0 <3.0.0-0',
28 silly addNameRange   hasData: false }
29 verbose url raw webpack
30 verbose url resolving [ 'https://artnj.zte.com.cn/artifactory/api/npm/public-npm-virtual/',
30 verbose url resolving   './webpack' ]
31 verbose url resolved https://artnj.zte.com.cn/artifactory/api/npm/public-npm-virtual/webpack
32 info trying registry request attempt 1 at 03:18:57
33 http GET https://artnj.zte.com.cn/artifactory/api/npm/public-npm-virtual/webpack
34 verbose url raw webpack-dev-server
35 verbose url resolving [ 'https://artnj.zte.com.cn/artifactory/api/npm/public-npm-virtual/',
35 verbose url resolving   './webpack-dev-server' ]
36 verbose url resolved https://artnj.zte.com.cn/artifactory/api/npm/public-npm-virtual/webpack-dev-server
37 info trying registry request attempt 1 at 03:18:57
38 http GET https://artnj.zte.com.cn/artifactory/api/npm/public-npm-virtual/webpack-dev-server
39 info retry will retry, error on last attempt: Error: tunneling socket could not be established, cause=Parse Error
40 info retry will retry, error on last attempt: Error: tunneling socket could not be established, cause=Parse Error
41 info trying registry request attempt 2 at 03:19:07
42 http GET https://artnj.zte.com.cn/artifactory/api/npm/public-npm-virtual/webpack-dev-server
43 info trying registry request attempt 2 at 03:19:07
44 http GET https://artnj.zte.com.cn/artifactory/api/npm/public-npm-virtual/webpack
45 info retry will retry, error on last attempt: Error: tunneling socket could not be established, cause=Parse Error
46 info retry will retry, error on last attempt: Error: tunneling socket could not be established, cause=Parse Error
47 info trying registry request attempt 3 at 03:20:07
48 http GET https://artnj.zte.com.cn/artifactory/api/npm/public-npm-virtual/webpack
49 info trying registry request attempt 3 at 03:20:07
50 http GET https://artnj.zte.com.cn/artifactory/api/npm/public-npm-virtual/webpack-dev-server
51 silly lockFile 4bddd681-webpack-3-10-0 webpack@^3.10.0
52 silly lockFile 4bddd681-webpack-3-10-0 webpack@^3.10.0
53 silly lockFile 65c27529-webpack-dev-server-2-11-0 webpack-dev-server@^2.11.0
54 silly lockFile 65c27529-webpack-dev-server-2-11-0 webpack-dev-server@^2.11.0
55 error network tunneling socket could not be established, cause=Parse Error
55 error network This is most likely not a problem with npm itself
55 error network and is related to network connectivity.
55 error network In most cases you are behind a proxy or have bad network settings.
55 error network
55 error network If you are behind a proxy, please make sure that the
55 error network 'proxy' config is set properly.  See: 'npm help config'
56 error System Linux 3.13.0-24-generic
57 error command "/usr/bin/nodejs" "/usr/bin/npm" "install"
58 error cwd /zhl/github/code-printer
59 error node -v v0.10.25
60 error npm -v 1.3.10
61 error code ECONNRESET
62 verbose exit [ 1, true ]
